<?xml version="1.0" encoding="UTF-8"?>
<!-- Generated by org.testng.reporters.JUnitXMLReporter -->
<testsuite ignored="2" hostname="Gowtham" failures="0" tests="1" name="Default test" time="0.052" errors="0" timestamp="2023-12-23T18:59:54 IST">
  <testcase classname="tests.Test_001" name="tc_003" time="0.012"/>
  <testcase classname="tests.Test_001" name="tc_001" time="0.0">
    <ignored/>
  </testcase> <!-- tc_001 -->
  <testcase classname="tests.Test_001" name="tc_002" time="0.0">
    <ignored/>
  </testcase> <!-- tc_002 -->
</testsuite> <!-- Default test -->
