<?xml version="1.0" encoding="UTF-8"?>
<testsuite xmlns:xsi="http://www.w3.org/2001/XMLSchema-instance" xsi:noNamespaceSchemaLocation="https://maven.apache.org/surefire/maven-surefire-plugin/xsd/surefire-test-report-3.0.xsd" version="3.0" name="tests.Test_001" time="0.683" tests="3" errors="0" skipped="0" failures="0">
  <properties>
[...]
</properties>
  <testcase name="tc_001" classname="tests.Test_001" time="0.007">
    <system-out><![CDATA[Hello-India 
]]></system-out>
    <system-err><![CDATA[SLF4J: Failed to load class "org.slf4j.impl.StaticLoggerBinder".
SLF4J: Defaulting to no-operation (NOP) logger implementation
SLF4J: See http://www.slf4j.org/codes.html#StaticLoggerBinder for further details.
]]></system-err>
  </testcase>
  <testcase name="tc_002" classname="tests.Test_001" time="0.001">
    <system-out><![CDATA[Hello-Usa 
]]></system-out>
  </testcase>
  <testcase name="tc_003" classname="tests.Test_001" time="0.001">
    <system-out><![CDATA[Hello-Canada 
]]></system-out>
  </testcase>
</testsuite>