<?xml version="1.0" encoding="UTF-8"?>
<testng-results ignored="0" total="3" passed="3" failed="0" skipped="0">
  <reporter-output>
  </reporter-output>
  <suite started-at="2023-12-31T16:18:08 IST" name="Surefire suite" finished-at="2023-12-31T16:18:08 IST" duration-ms="38">
    <groups>
    </groups>
    <test started-at="2023-12-31T16:18:08 IST" name="Surefire test" finished-at="2023-12-31T16:18:08 IST" duration-ms="38">
      <class name="tests.Test_001">
        <test-method signature="tc_001()[pri:0, instance:tests.Test_001@6236eb5f]" started-at="2023-12-31T16:18:08 IST" name="tc_001" finished-at="2023-12-31T16:18:08 IST" duration-ms="3" status="PASS">
          <reporter-output>
          </reporter-output>
        </test-method> <!-- tc_001 -->
        <test-method signature="tc_002()[pri:0, instance:tests.Test_001@6236eb5f]" started-at="2023-12-31T16:18:08 IST" name="tc_002" finished-at="2023-12-31T16:18:08 IST" duration-ms="0" status="PASS">
          <reporter-output>
          </reporter-output>
        </test-method> <!-- tc_002 -->
        <test-method signature="tc_003()[pri:0, instance:tests.Test_001@6236eb5f]" started-at="2023-12-31T16:18:08 IST" name="tc_003" finished-at="2023-12-31T16:18:08 IST" duration-ms="0" status="PASS">
          <reporter-output>
          </reporter-output>
        </test-method> <!-- tc_003 -->
      </class> <!-- tests.Test_001 -->
    </test> <!-- Surefire test -->
  </suite> <!-- Surefire suite -->
</testng-results>
