<?xml version="1.0" encoding="UTF-8"?>
<testng-results ignored="0" total="1" passed="1" failed="0" skipped="0">
  <reporter-output>
  </reporter-output>
  <suite started-at="2023-12-23T18:59:54 IST" name="Default suite" finished-at="2023-12-23T18:59:54 IST" duration-ms="52">
    <groups>
    </groups>
    <test started-at="2023-12-23T18:59:54 IST" name="Default test" finished-at="2023-12-23T18:59:54 IST" duration-ms="52">
      <class name="tests.Test_001">
        <test-method signature="tc_003()[pri:0, instance:tests.Test_001@6a192cfe]" started-at="2023-12-23T18:59:54 IST" name="tc_003" finished-at="2023-12-23T18:59:54 IST" duration-ms="12" status="PASS">
          <reporter-output>
          </reporter-output>
        </test-method> <!-- tc_003 -->
      </class> <!-- tests.Test_001 -->
    </test> <!-- Default test -->
  </suite> <!-- Default suite -->
</testng-results>
